0 info it worked if it ends with ok
1 verbose cli [ '/usr/bin/node', '/usr/bin/npm', 'install' ]
2 info using npm@1.4.28
3 info using node@v0.10.37
4 verbose node symlink /usr/bin/node
5 warn package.json edx@0.1.0 No repository field.
6 verbose readDependencies using package.json deps
7 verbose install where, deps [ '/edx/app/edxapp/edx-platform',
7 verbose install   [ 'backbone',
7 verbose install     'coffee-script',
7 verbose install     'edx-pattern-library',
7 verbose install     'edx-ui-toolkit',
7 verbose install     'jquery',
7 verbose install     'jquery-migrate',
7 verbose install     'jquery.scrollto',
7 verbose install     'picturefill',
7 verbose install     'requirejs',
7 verbose install     'uglify-js',
7 verbose install     'underscore',
7 verbose install     'underscore.string',
7 verbose install     'backbone.validation',
7 verbose install     'edx-custom-a11y-rules',
7 verbose install     'pa11y',
7 verbose install     'pa11y-reporter-1.0-json',
7 verbose install     'jasmine-core',
7 verbose install     'jasmine-jquery',
7 verbose install     'jshint',
7 verbose install     'karma',
7 verbose install     'karma-chrome-launcher',
7 verbose install     'karma-coverage',
7 verbose install     'karma-firefox-launcher',
7 verbose install     'karma-jasmine',
7 verbose install     'karma-jasmine-html-reporter',
7 verbose install     'karma-junit-reporter',
7 verbose install     'karma-spec-reporter',
7 verbose install     'karma-requirejs',
7 verbose install     'plato' ] ]
8 info preinstall edx@0.1.0
9 verbose readDependencies using package.json deps
10 verbose already installed skipping edx-pattern-library@0.13.0 /edx/app/edxapp/edx-platform
11 verbose already installed skipping edx-ui-toolkit@1.3.0 /edx/app/edxapp/edx-platform
12 verbose already installed skipping jquery@^2.1.4 /edx/app/edxapp/edx-platform
13 verbose already installed skipping jquery-migrate@^1.4.1 /edx/app/edxapp/edx-platform
14 verbose already installed skipping jquery.scrollto@~2.1.2 /edx/app/edxapp/edx-platform
15 verbose already installed skipping picturefill@~3.0.2 /edx/app/edxapp/edx-platform
16 verbose already installed skipping requirejs@~2.1.22 /edx/app/edxapp/edx-platform
17 verbose already installed skipping uglify-js@2.4.24 /edx/app/edxapp/edx-platform
18 verbose already installed skipping underscore@~1.8.3 /edx/app/edxapp/edx-platform
19 verbose already installed skipping underscore.string@~3.3.4 /edx/app/edxapp/edx-platform
20 verbose cache add [ 'backbone.validation@~0.11.5', null ]
21 verbose cache add name=undefined spec="backbone.validation@~0.11.5" args=["backbone.validation@~0.11.5",null]
22 verbose parsed url { protocol: null,
22 verbose parsed url   slashes: null,
22 verbose parsed url   auth: null,
22 verbose parsed url   host: null,
22 verbose parsed url   port: null,
22 verbose parsed url   hostname: null,
22 verbose parsed url   hash: null,
22 verbose parsed url   search: null,
22 verbose parsed url   query: null,
22 verbose parsed url   pathname: 'backbone.validation@~0.11.5',
22 verbose parsed url   path: 'backbone.validation@~0.11.5',
22 verbose parsed url   href: 'backbone.validation@~0.11.5' }
23 verbose already installed skipping edx-custom-a11y-rules@0.1.2 /edx/app/edxapp/edx-platform
24 verbose cache add name="backbone.validation" spec="~0.11.5" args=["backbone.validation","~0.11.5"]
25 verbose parsed url { protocol: null,
25 verbose parsed url   slashes: null,
25 verbose parsed url   auth: null,
25 verbose parsed url   host: null,
25 verbose parsed url   port: null,
25 verbose parsed url   hostname: null,
25 verbose parsed url   hash: null,
25 verbose parsed url   search: null,
25 verbose parsed url   query: null,
25 verbose parsed url   pathname: '~0.11.5',
25 verbose parsed url   path: '~0.11.5',
25 verbose parsed url   href: '~0.11.5' }
26 verbose addNamed [ 'backbone.validation', '~0.11.5' ]
27 verbose addNamed [ null, '>=0.11.5-0 <0.12.0-0' ]
28 verbose already installed skipping pa11y@3.6.0 /edx/app/edxapp/edx-platform
29 silly lockFile 26d96583-backbone-validation-0-11-5 backbone.validation@~0.11.5
30 verbose lock backbone.validation@~0.11.5 /edx/app/edxapp/.npm/26d96583-backbone-validation-0-11-5.lock
31 verbose already installed skipping pa11y-reporter-1.0-json@1.0.2 /edx/app/edxapp/edx-platform
32 verbose already installed skipping jasmine-core@^2.4.1 /edx/app/edxapp/edx-platform
33 verbose already installed skipping jasmine-jquery@^2.1.1 /edx/app/edxapp/edx-platform
34 silly addNameRange { name: 'backbone.validation',
34 silly addNameRange   range: '>=0.11.5-0 <0.12.0-0',
34 silly addNameRange   hasData: false }
35 verbose already installed skipping jshint@^2.7.0 /edx/app/edxapp/edx-platform
36 verbose already installed skipping karma@^0.13.22 /edx/app/edxapp/edx-platform
37 verbose request where is /backbone.validation
38 verbose request registry http://registry.npmjs.org/
39 verbose request id d0ce485b86a46971
40 verbose url raw /backbone.validation
41 verbose url resolving [ 'http://registry.npmjs.org/', './backbone.validation' ]
42 verbose url resolved http://registry.npmjs.org/backbone.validation
43 verbose request where is http://registry.npmjs.org/backbone.validation
44 info trying registry request attempt 1 at 14:31:08
45 verbose etag "SNQBZ42TNH1IJ823R7UFT8FO"
46 http GET http://registry.npmjs.org/backbone.validation
47 verbose already installed skipping karma-chrome-launcher@^0.2.3 /edx/app/edxapp/edx-platform
48 verbose already installed skipping karma-coverage@^0.5.5 /edx/app/edxapp/edx-platform
49 verbose already installed skipping karma-firefox-launcher@^0.1.7 /edx/app/edxapp/edx-platform
50 verbose already installed skipping karma-jasmine@^0.3.8 /edx/app/edxapp/edx-platform
51 verbose already installed skipping karma-jasmine-html-reporter@^0.2.0 /edx/app/edxapp/edx-platform
52 verbose already installed skipping karma-junit-reporter@^0.4.1 /edx/app/edxapp/edx-platform
53 verbose already installed skipping karma-spec-reporter@^0.0.20 /edx/app/edxapp/edx-platform
54 verbose already installed skipping karma-requirejs@^0.2.6 /edx/app/edxapp/edx-platform
55 verbose already installed skipping plato@1.2.2 /edx/app/edxapp/edx-platform
56 verbose already installed skipping backbone@~1.3.2 /edx/app/edxapp/edx-platform
57 verbose already installed skipping coffee-script@1.6.1 /edx/app/edxapp/edx-platform
58 http 304 http://registry.npmjs.org/backbone.validation
59 silly registry.get cb [ 304,
59 silly registry.get   { date: 'Tue, 05 Jul 2016 18:31:08 GMT',
59 silly registry.get     via: '1.1 varnish',
59 silly registry.get     'cache-control': 'max-age=300',
59 silly registry.get     etag: '"SNQBZ42TNH1IJ823R7UFT8FO"',
59 silly registry.get     age: '88',
59 silly registry.get     connection: 'keep-alive',
59 silly registry.get     'x-served-by': 'cache-bos8231-BOS',
59 silly registry.get     'x-cache': 'HIT',
59 silly registry.get     'x-cache-hits': '1',
59 silly registry.get     'x-timer': 'S1467743468.666414,VS0,VE0',
59 silly registry.get     vary: 'Accept-Encoding' } ]
60 verbose etag http://registry.npmjs.org/backbone.validation from cache
61 silly addNameRange number 2 { name: 'backbone.validation',
61 silly addNameRange   range: '>=0.11.5-0 <0.12.0-0',
61 silly addNameRange   hasData: true }
62 silly addNameRange versions [ 'backbone.validation', [ '0.7.0', '0.7.1' ] ]
63 silly lockFile 26d96583-backbone-validation-0-11-5 backbone.validation@~0.11.5
64 silly lockFile 26d96583-backbone-validation-0-11-5 backbone.validation@~0.11.5
65 error notarget No compatible version found: backbone.validation@'>=0.11.5-0 <0.12.0-0'
65 error notarget Valid install targets:
65 error notarget ["0.7.0","0.7.1"]
65 error notarget
65 error notarget This is most likely not a problem with npm itself.
65 error notarget In most cases you or one of your dependencies are requesting
65 error notarget a package version that doesn't exist.
66 error System Linux 3.2.0-23-generic
67 error command "/usr/bin/node" "/usr/bin/npm" "install"
68 error cwd /edx/app/edxapp/edx-platform
69 error node -v v0.10.37
70 error npm -v 1.4.28
71 error code ETARGET
72 verbose exit [ 1, true ]
